2023-03-08 10:11:19.632  INFO 10072 --- [restartedMain] com.ms.cartoes.CartoesApplication        : Starting CartoesApplication using Java 17.0.3.1 on GFT-xGrZtFTcmd5 with PID 10072 (C:\Users\OODA\workspace\microservices\microservices-course\cartoes\target\classes started by ooda in C:\Users\OODA\workspace\microservices\microservices-course\cartoes)
2023-03-08 10:11:19.737  INFO 10072 --- [restartedMain] com.ms.cartoes.CartoesApplication        : No active profile set, falling back to 1 default profile: "default"
2023-03-08 10:11:20.196  INFO 10072 --- [restartedMain] .e.DevToolsPropertyDefaultsPostProcessor : Devtools property defaults active! Set 'spring.devtools.add-properties' to 'false' to disable
2023-03-08 10:11:20.287  INFO 10072 --- [restartedMain] .e.DevToolsPropertyDefaultsPostProcessor : For additional web related logging consider setting the 'logging.level.web' property to 'DEBUG'
2023-03-08 10:11:32.104  INFO 10072 --- [restartedMain] .s.d.r.c.RepositoryConfigurationDelegate : Bootstrapping Spring Data JPA repositories in DEFAULT mode.
2023-03-08 10:11:33.306  INFO 10072 --- [restartedMain] .s.d.r.c.RepositoryConfigurationDelegate : Finished Spring Data repository scanning in 951 ms. Found 2 JPA repository interfaces.
2023-03-08 10:11:36.253  INFO 10072 --- [restartedMain] o.s.cloud.context.scope.GenericScope     : BeanFactory id=01548743-958a-3f0b-9369-63b9b83cc02e
2023-03-08 10:11:40.039  INFO 10072 --- [restartedMain] o.s.b.w.embedded.tomcat.TomcatWebServer  : Tomcat initialized with port(s): 0 (http)
2023-03-08 10:11:40.156  INFO 10072 --- [restartedMain] o.apache.catalina.core.StandardService   : Starting service [Tomcat]
2023-03-08 10:11:40.159  INFO 10072 --- [restartedMain] org.apache.catalina.core.StandardEngine  : Starting Servlet engine: [Apache Tomcat/9.0.65]
2023-03-08 10:11:40.676  INFO 10072 --- [restartedMain] o.a.c.c.C.[Tomcat].[localhost].[/]       : Initializing Spring embedded WebApplicationContext
2023-03-08 10:11:40.680  INFO 10072 --- [restartedMain] w.s.c.ServletWebServerApplicationContext : Root WebApplicationContext: initialization completed in 20230 ms
2023-03-08 10:11:41.187  INFO 10072 --- [restartedMain] com.zaxxer.hikari.HikariDataSource       : HikariPool-1 - Starting...
2023-03-08 10:11:42.184  INFO 10072 --- [restartedMain] com.zaxxer.hikari.HikariDataSource       : HikariPool-1 - Start completed.
2023-03-08 10:11:42.267  INFO 10072 --- [restartedMain] o.s.b.a.h2.H2ConsoleAutoConfiguration    : H2 console available at '/h2-console'. Database available at 'jdbc:h2:mem:d77633e1-8198-4d14-8cad-2a89f5b3b69a'
2023-03-08 10:11:46.138  INFO 10072 --- [restartedMain] o.hibernate.jpa.internal.util.LogHelper  : HHH000204: Processing PersistenceUnitInfo [name: default]
2023-03-08 10:11:46.599  INFO 10072 --- [restartedMain] org.hibernate.Version                    : HHH000412: Hibernate ORM core version 5.6.10.Final
2023-03-08 10:11:49.960  INFO 10072 --- [restartedMain] o.hibernate.annotations.common.Version   : HCANN000001: Hibernate Commons Annotations {5.1.2.Final}
2023-03-08 10:11:51.258  INFO 10072 --- [restartedMain] org.hibernate.dialect.Dialect            : HHH000400: Using dialect: org.hibernate.dialect.H2Dialect
2023-03-08 10:11:55.825  INFO 10072 --- [restartedMain] o.h.e.t.j.p.i.JtaPlatformInitiator       : HHH000490: Using JtaPlatform implementation: [org.hibernate.engine.transaction.jta.platform.internal.NoJtaPlatform]
2023-03-08 10:11:55.852  INFO 10072 --- [restartedMain] j.LocalContainerEntityManagerFactoryBean : Initialized JPA EntityManagerFactory for persistence unit 'default'
2023-03-08 10:11:58.437  WARN 10072 --- [restartedMain] JpaBaseConfiguration$JpaWebConfiguration : spring.jpa.open-in-view is enabled by default. Therefore, database queries may be performed during view rendering. Explicitly configure spring.jpa.open-in-view to disable this warning
2023-03-08 10:12:08.404  INFO 10072 --- [restartedMain] o.s.cloud.commons.util.InetUtils         : Cannot determine local hostname
2023-03-08 10:12:09.451  WARN 10072 --- [restartedMain] o.s.b.d.a.OptionalLiveReloadServer       : Unable to start LiveReload server
2023-03-08 10:12:10.992  INFO 10072 --- [restartedMain] o.s.cloud.commons.util.InetUtils         : Cannot determine local hostname
2023-03-08 10:12:11.002  INFO 10072 --- [restartedMain] DiscoveryClientOptionalArgsConfiguration : Eureka HTTP Client uses RestTemplate.
2023-03-08 10:12:11.160  WARN 10072 --- [restartedMain] iguration$LoadBalancerCaffeineWarnLogger : Spring Cloud LoadBalancer is currently working with the default cache. While this cache implementation is useful for development and tests, it's recommended to use Caffeine cache in production.You can switch to using Caffeine cache, by adding it and org.springframework.cache.caffeine.CaffeineCacheManager to the classpath.
2023-03-08 10:12:11.176  INFO 10072 --- [restartedMain] o.s.b.a.e.web.EndpointLinksResolver      : Exposing 17 endpoint(s) beneath base path '/actuator'
2023-03-08 10:12:11.532  INFO 10072 --- [restartedMain] o.s.b.w.embedded.tomcat.TomcatWebServer  : Tomcat started on port(s): 53769 (http) with context path ''
2023-03-08 10:12:11.537  INFO 10072 --- [restartedMain] .s.c.n.e.s.EurekaAutoServiceRegistration : Updating port to 53769
2023-03-08 10:12:11.553  INFO 10072 --- [restartedMain] o.s.c.n.eureka.InstanceInfoFactory       : Setting initial instance status as: STARTING
2023-03-08 10:12:11.667  INFO 10072 --- [restartedMain] com.netflix.discovery.DiscoveryClient    : Initializing Eureka in region us-east-1
2023-03-08 10:12:11.678  INFO 10072 --- [restartedMain] c.n.d.s.r.aws.ConfigClusterResolver      : Resolving eureka endpoints via configuration
2023-03-08 10:12:11.749  INFO 10072 --- [restartedMain] com.netflix.discovery.DiscoveryClient    : Disable delta property : false
2023-03-08 10:12:11.754  INFO 10072 --- [restartedMain] com.netflix.discovery.DiscoveryClient    : Single vip registry refresh property : null
2023-03-08 10:12:11.757  INFO 10072 --- [restartedMain] com.netflix.discovery.DiscoveryClient    : Force full registry fetch : false
2023-03-08 10:12:11.760  INFO 10072 --- [restartedMain] com.netflix.discovery.DiscoveryClient    : Application is null : false
2023-03-08 10:12:11.763  INFO 10072 --- [restartedMain] com.netflix.discovery.DiscoveryClient    : Registered Applications size is zero : true
2023-03-08 10:12:11.765  INFO 10072 --- [restartedMain] com.netflix.discovery.DiscoveryClient    : Application version is -1: true
2023-03-08 10:12:11.769  INFO 10072 --- [restartedMain] com.netflix.discovery.DiscoveryClient    : Getting all instance registry info from the eureka server
2023-03-08 10:12:12.494  INFO 10072 --- [restartedMain] com.netflix.discovery.DiscoveryClient    : The response status is 200
2023-03-08 10:12:12.499  INFO 10072 --- [restartedMain] com.netflix.discovery.DiscoveryClient    : Starting heartbeat executor: renew interval is: 30
2023-03-08 10:12:12.503  INFO 10072 --- [restartedMain] c.n.discovery.InstanceInfoReplicator     : InstanceInfoReplicator onDemand update allowed rate per min is 4
2023-03-08 10:12:12.510  INFO 10072 --- [restartedMain] com.netflix.discovery.DiscoveryClient    : Discovery Client initialized at timestamp 1678281132509 with initial instances count: 1
2023-03-08 10:12:12.513  INFO 10072 --- [restartedMain] o.s.c.n.e.s.EurekaServiceRegistry        : Registering application MSCARTOES with eureka with status UP
2023-03-08 10:12:12.515  INFO 10072 --- [restartedMain] com.netflix.discovery.DiscoveryClient    : Saw local status change event StatusChangeEvent [timestamp=1678281132515, current=UP, previous=STARTING]
2023-03-08 10:12:12.518  INFO 10072 --- [DiscoveryClient-InstanceInfoReplicator-0] com.netflix.discovery.DiscoveryClient    : DiscoveryClient_MSCARTOES/mscartoes:014ee2292234707a708734004d395a9c: registering service...
2023-03-08 10:12:12.686  INFO 10072 --- [DiscoveryClient-InstanceInfoReplicator-0] com.netflix.discovery.DiscoveryClient    : DiscoveryClient_MSCARTOES/mscartoes:014ee2292234707a708734004d395a9c - registration status: 204
2023-03-08 10:12:13.814  INFO 10072 --- [restartedMain] o.s.cloud.commons.util.InetUtils         : Cannot determine local hostname
2023-03-08 10:12:13.820  INFO 10072 --- [restartedMain] o.s.a.r.c.CachingConnectionFactory       : Attempting to connect to: [localhost:5672]
2023-03-08 10:12:13.834  INFO 10072 --- [restartedMain] o.s.a.r.l.SimpleMessageListenerContainer : Broker not available; cannot force queue declarations during start: java.net.ConnectException: Connection refused: no further information
2023-03-08 10:12:13.847  INFO 10072 --- [org.springframework.amqp.rabbit.RabbitListenerEndpointContainer#0-1] o.s.a.r.c.CachingConnectionFactory       : Attempting to connect to: [localhost:5672]
2023-03-08 10:12:13.898  INFO 10072 --- [restartedMain] com.ms.cartoes.CartoesApplication        : Started CartoesApplication in 63.351 seconds (JVM running for 67.202)
2023-03-08 10:12:18.981  WARN 10072 --- [org.springframework.amqp.rabbit.RabbitListenerEndpointContainer#0-1] o.s.a.r.l.SimpleMessageListenerContainer : Consumer raised exception, processing can restart if the connection factory supports it. Exception summary: org.springframework.amqp.AmqpConnectException: java.net.ConnectException: Connection refused: no further information
2023-03-08 10:12:18.985  INFO 10072 --- [org.springframework.amqp.rabbit.RabbitListenerEndpointContainer#0-1] o.s.a.r.l.SimpleMessageListenerContainer : Restarting Consumer@740f8f49: tags=[[]], channel=null, acknowledgeMode=AUTO local queue size=0
2023-03-08 10:12:18.990  INFO 10072 --- [org.springframework.amqp.rabbit.RabbitListenerEndpointContainer#0-2] o.s.a.r.c.CachingConnectionFactory       : Attempting to connect to: [localhost:5672]
2023-03-08 10:12:24.090  WARN 10072 --- [org.springframework.amqp.rabbit.RabbitListenerEndpointContainer#0-2] o.s.a.r.l.SimpleMessageListenerContainer : Consumer raised exception, processing can restart if the connection factory supports it. Exception summary: org.springframework.amqp.AmqpConnectException: java.net.ConnectException: Connection refused: no further information
2023-03-08 10:12:24.091  INFO 10072 --- [org.springframework.amqp.rabbit.RabbitListenerEndpointContainer#0-2] o.s.a.r.l.SimpleMessageListenerContainer : Restarting Consumer@2a0d1529: tags=[[]], channel=null, acknowledgeMode=AUTO local queue size=0
2023-03-08 10:12:24.092  INFO 10072 --- [org.springframework.amqp.rabbit.RabbitListenerEndpointContainer#0-3] o.s.a.r.c.CachingConnectionFactory       : Attempting to connect to: [localhost:5672]
2023-03-08 10:12:29.203  WARN 10072 --- [org.springframework.amqp.rabbit.RabbitListenerEndpointContainer#0-3] o.s.a.r.l.SimpleMessageListenerContainer : Consumer raised exception, processing can restart if the connection factory supports it. Exception summary: org.springframework.amqp.AmqpConnectException: java.net.ConnectException: Connection refused: no further information
2023-03-08 10:12:29.204  INFO 10072 --- [org.springframework.amqp.rabbit.RabbitListenerEndpointContainer#0-3] o.s.a.r.l.SimpleMessageListenerContainer : Restarting Consumer@7b63965c: tags=[[]], channel=null, acknowledgeMode=AUTO local queue size=0
2023-03-08 10:12:29.205  INFO 10072 --- [org.springframework.amqp.rabbit.RabbitListenerEndpointContainer#0-4] o.s.a.r.c.CachingConnectionFactory       : Attempting to connect to: [localhost:5672]
2023-03-08 10:12:34.366  WARN 10072 --- [org.springframework.amqp.rabbit.RabbitListenerEndpointContainer#0-4] o.s.a.r.l.SimpleMessageListenerContainer : Consumer raised exception, processing can restart if the connection factory supports it. Exception summary: org.springframework.amqp.AmqpConnectException: java.net.ConnectException: Connection refused: no further information
2023-03-08 10:12:34.368  INFO 10072 --- [org.springframework.amqp.rabbit.RabbitListenerEndpointContainer#0-4] o.s.a.r.l.SimpleMessageListenerContainer : Restarting Consumer@531c345e: tags=[[]], channel=null, acknowledgeMode=AUTO local queue size=0
2023-03-08 10:12:34.371  INFO 10072 --- [org.springframework.amqp.rabbit.RabbitListenerEndpointContainer#0-5] o.s.a.r.c.CachingConnectionFactory       : Attempting to connect to: [localhost:5672]
2023-03-08 10:12:39.494  WARN 10072 --- [org.springframework.amqp.rabbit.RabbitListenerEndpointContainer#0-5] o.s.a.r.l.SimpleMessageListenerContainer : Consumer raised exception, processing can restart if the connection factory supports it. Exception summary: org.springframework.amqp.AmqpConnectException: java.net.ConnectException: Connection refused: no further information
2023-03-08 10:12:39.495  INFO 10072 --- [org.springframework.amqp.rabbit.RabbitListenerEndpointContainer#0-5] o.s.a.r.l.SimpleMessageListenerContainer : Restarting Consumer@712f29ea: tags=[[]], channel=null, acknowledgeMode=AUTO local queue size=0
2023-03-08 10:12:39.497  INFO 10072 --- [org.springframework.amqp.rabbit.RabbitListenerEndpointContainer#0-6] o.s.a.r.c.CachingConnectionFactory       : Attempting to connect to: [localhost:5672]
2023-03-08 10:12:44.583  WARN 10072 --- [org.springframework.amqp.rabbit.RabbitListenerEndpointContainer#0-6] o.s.a.r.l.SimpleMessageListenerContainer : Consumer raised exception, processing can restart if the connection factory supports it. Exception summary: org.springframework.amqp.AmqpConnectException: java.net.ConnectException: Connection refused: no further information
2023-03-08 10:12:44.583  INFO 10072 --- [org.springframework.amqp.rabbit.RabbitListenerEndpointContainer#0-6] o.s.a.r.l.SimpleMessageListenerContainer : Restarting Consumer@6cb9d190: tags=[[]], channel=null, acknowledgeMode=AUTO local queue size=0
2023-03-08 10:12:44.585  INFO 10072 --- [org.springframework.amqp.rabbit.RabbitListenerEndpointContainer#0-7] o.s.a.r.c.CachingConnectionFactory       : Attempting to connect to: [localhost:5672]
2023-03-08 10:12:49.697  WARN 10072 --- [org.springframework.amqp.rabbit.RabbitListenerEndpointContainer#0-7] o.s.a.r.l.SimpleMessageListenerContainer : Consumer raised exception, processing can restart if the connection factory supports it. Exception summary: org.springframework.amqp.AmqpConnectException: java.net.ConnectException: Connection refused: no further information
2023-03-08 10:12:49.698  INFO 10072 --- [org.springframework.amqp.rabbit.RabbitListenerEndpointContainer#0-7] o.s.a.r.l.SimpleMessageListenerContainer : Restarting Consumer@62d4be70: tags=[[]], channel=null, acknowledgeMode=AUTO local queue size=0
2023-03-08 10:12:49.700  INFO 10072 --- [org.springframework.amqp.rabbit.RabbitListenerEndpointContainer#0-8] o.s.a.r.c.CachingConnectionFactory       : Attempting to connect to: [localhost:5672]
2023-03-08 10:12:54.805  WARN 10072 --- [org.springframework.amqp.rabbit.RabbitListenerEndpointContainer#0-8] o.s.a.r.l.SimpleMessageListenerContainer : Consumer raised exception, processing can restart if the connection factory supports it. Exception summary: org.springframework.amqp.AmqpConnectException: java.net.ConnectException: Connection refused: no further information
2023-03-08 10:12:54.806  INFO 10072 --- [org.springframework.amqp.rabbit.RabbitListenerEndpointContainer#0-8] o.s.a.r.l.SimpleMessageListenerContainer : Restarting Consumer@15163d5a: tags=[[]], channel=null, acknowledgeMode=AUTO local queue size=0
2023-03-08 10:12:54.808  INFO 10072 --- [org.springframework.amqp.rabbit.RabbitListenerEndpointContainer#0-9] o.s.a.r.c.CachingConnectionFactory       : Attempting to connect to: [localhost:5672]
2023-03-08 10:12:59.932  WARN 10072 --- [org.springframework.amqp.rabbit.RabbitListenerEndpointContainer#0-9] o.s.a.r.l.SimpleMessageListenerContainer : Consumer raised exception, processing can restart if the connection factory supports it. Exception summary: org.springframework.amqp.AmqpConnectException: java.net.ConnectException: Connection refused: no further information
2023-03-08 10:12:59.933  INFO 10072 --- [org.springframework.amqp.rabbit.RabbitListenerEndpointContainer#0-9] o.s.a.r.l.SimpleMessageListenerContainer : Restarting Consumer@50833b7a: tags=[[]], channel=null, acknowledgeMode=AUTO local queue size=0
2023-03-08 10:12:59.934  INFO 10072 --- [org.springframework.amqp.rabbit.RabbitListenerEndpointContainer#0-10] o.s.a.r.c.CachingConnectionFactory       : Attempting to connect to: [localhost:5672]
2023-03-08 10:13:05.026  WARN 10072 --- [org.springframework.amqp.rabbit.RabbitListenerEndpointContainer#0-10] o.s.a.r.l.SimpleMessageListenerContainer : Consumer raised exception, processing can restart if the connection factory supports it. Exception summary: org.springframework.amqp.AmqpConnectException: java.net.ConnectException: Connection refused: no further information
2023-03-08 10:13:05.027  INFO 10072 --- [org.springframework.amqp.rabbit.RabbitListenerEndpointContainer#0-10] o.s.a.r.l.SimpleMessageListenerContainer : Restarting Consumer@6ee308dd: tags=[[]], channel=null, acknowledgeMode=AUTO local queue size=0
2023-03-08 10:13:05.029  INFO 10072 --- [org.springframework.amqp.rabbit.RabbitListenerEndpointContainer#0-11] o.s.a.r.c.CachingConnectionFactory       : Attempting to connect to: [localhost:5672]
2023-03-08 10:13:10.151  WARN 10072 --- [org.springframework.amqp.rabbit.RabbitListenerEndpointContainer#0-11] o.s.a.r.l.SimpleMessageListenerContainer : Consumer raised exception, processing can restart if the connection factory supports it. Exception summary: org.springframework.amqp.AmqpConnectException: java.net.ConnectException: Connection refused: no further information
2023-03-08 10:13:10.153  INFO 10072 --- [org.springframework.amqp.rabbit.RabbitListenerEndpointContainer#0-11] o.s.a.r.l.SimpleMessageListenerContainer : Restarting Consumer@14801ca8: tags=[[]], channel=null, acknowledgeMode=AUTO local queue size=0
2023-03-08 10:13:10.159  INFO 10072 --- [org.springframework.amqp.rabbit.RabbitListenerEndpointContainer#0-12] o.s.a.r.c.CachingConnectionFactory       : Attempting to connect to: [localhost:5672]
2023-03-08 10:13:15.234  WARN 10072 --- [org.springframework.amqp.rabbit.RabbitListenerEndpointContainer#0-12] o.s.a.r.l.SimpleMessageListenerContainer : Consumer raised exception, processing can restart if the connection factory supports it. Exception summary: org.springframework.amqp.AmqpConnectException: java.net.ConnectException: Connection refused: no further information
2023-03-08 10:13:15.235  INFO 10072 --- [org.springframework.amqp.rabbit.RabbitListenerEndpointContainer#0-12] o.s.a.r.l.SimpleMessageListenerContainer : Restarting Consumer@68bdced4: tags=[[]], channel=null, acknowledgeMode=AUTO local queue size=0
2023-03-08 10:13:15.236  INFO 10072 --- [org.springframework.amqp.rabbit.RabbitListenerEndpointContainer#0-13] o.s.a.r.c.CachingConnectionFactory       : Attempting to connect to: [localhost:5672]
2023-03-08 10:13:20.323  WARN 10072 --- [org.springframework.amqp.rabbit.RabbitListenerEndpointContainer#0-13] o.s.a.r.l.SimpleMessageListenerContainer : Consumer raised exception, processing can restart if the connection factory supports it. Exception summary: org.springframework.amqp.AmqpConnectException: java.net.ConnectException: Connection refused: no further information
2023-03-08 10:13:20.324  INFO 10072 --- [org.springframework.amqp.rabbit.RabbitListenerEndpointContainer#0-13] o.s.a.r.l.SimpleMessageListenerContainer : Restarting Consumer@6e04d444: tags=[[]], channel=null, acknowledgeMode=AUTO local queue size=0
2023-03-08 10:13:20.326  INFO 10072 --- [org.springframework.amqp.rabbit.RabbitListenerEndpointContainer#0-14] o.s.a.r.c.CachingConnectionFactory       : Attempting to connect to: [localhost:5672]
2023-03-08 10:13:25.418  WARN 10072 --- [org.springframework.amqp.rabbit.RabbitListenerEndpointContainer#0-14] o.s.a.r.l.SimpleMessageListenerContainer : Consumer raised exception, processing can restart if the connection factory supports it. Exception summary: org.springframework.amqp.AmqpConnectException: java.net.ConnectException: Connection refused: no further information
2023-03-08 10:13:25.419  INFO 10072 --- [org.springframework.amqp.rabbit.RabbitListenerEndpointContainer#0-14] o.s.a.r.l.SimpleMessageListenerContainer : Restarting Consumer@4b2654fb: tags=[[]], channel=null, acknowledgeMode=AUTO local queue size=0
2023-03-08 10:13:25.421  INFO 10072 --- [org.springframework.amqp.rabbit.RabbitListenerEndpointContainer#0-15] o.s.a.r.c.CachingConnectionFactory       : Attempting to connect to: [localhost:5672]
2023-03-08 10:13:30.577  WARN 10072 --- [org.springframework.amqp.rabbit.RabbitListenerEndpointContainer#0-15] o.s.a.r.l.SimpleMessageListenerContainer : Consumer raised exception, processing can restart if the connection factory supports it. Exception summary: org.springframework.amqp.AmqpConnectException: java.net.ConnectException: Connection refused: no further information
2023-03-08 10:13:30.578  INFO 10072 --- [org.springframework.amqp.rabbit.RabbitListenerEndpointContainer#0-15] o.s.a.r.l.SimpleMessageListenerContainer : Restarting Consumer@64191374: tags=[[]], channel=null, acknowledgeMode=AUTO local queue size=0
2023-03-08 10:13:30.579  INFO 10072 --- [org.springframework.amqp.rabbit.RabbitListenerEndpointContainer#0-16] o.s.a.r.c.CachingConnectionFactory       : Attempting to connect to: [localhost:5672]
2023-03-08 10:13:35.664  WARN 10072 --- [org.springframework.amqp.rabbit.RabbitListenerEndpointContainer#0-16] o.s.a.r.l.SimpleMessageListenerContainer : Consumer raised exception, processing can restart if the connection factory supports it. Exception summary: org.springframework.amqp.AmqpConnectException: java.net.ConnectException: Connection refused: no further information
2023-03-08 10:13:35.666  INFO 10072 --- [org.springframework.amqp.rabbit.RabbitListenerEndpointContainer#0-16] o.s.a.r.l.SimpleMessageListenerContainer : Restarting Consumer@130a79b4: tags=[[]], channel=null, acknowledgeMode=AUTO local queue size=0
2023-03-08 10:13:35.668  INFO 10072 --- [org.springframework.amqp.rabbit.RabbitListenerEndpointContainer#0-17] o.s.a.r.c.CachingConnectionFactory       : Attempting to connect to: [localhost:5672]
2023-03-08 10:13:40.774  WARN 10072 --- [org.springframework.amqp.rabbit.RabbitListenerEndpointContainer#0-17] o.s.a.r.l.SimpleMessageListenerContainer : Consumer raised exception, processing can restart if the connection factory supports it. Exception summary: org.springframework.amqp.AmqpConnectException: java.net.ConnectException: Connection refused: no further information
2023-03-08 10:13:40.776  INFO 10072 --- [org.springframework.amqp.rabbit.RabbitListenerEndpointContainer#0-17] o.s.a.r.l.SimpleMessageListenerContainer : Restarting Consumer@6b3b20cb: tags=[[]], channel=null, acknowledgeMode=AUTO local queue size=0
2023-03-08 10:13:40.778  INFO 10072 --- [org.springframework.amqp.rabbit.RabbitListenerEndpointContainer#0-18] o.s.a.r.c.CachingConnectionFactory       : Attempting to connect to: [localhost:5672]
2023-03-08 10:13:45.895  WARN 10072 --- [org.springframework.amqp.rabbit.RabbitListenerEndpointContainer#0-18] o.s.a.r.l.SimpleMessageListenerContainer : Consumer raised exception, processing can restart if the connection factory supports it. Exception summary: org.springframework.amqp.AmqpConnectException: java.net.ConnectException: Connection refused: no further information
2023-03-08 10:13:45.896  INFO 10072 --- [org.springframework.amqp.rabbit.RabbitListenerEndpointContainer#0-18] o.s.a.r.l.SimpleMessageListenerContainer : Restarting Consumer@21e8bfa0: tags=[[]], channel=null, acknowledgeMode=AUTO local queue size=0
2023-03-08 10:13:45.897  INFO 10072 --- [org.springframework.amqp.rabbit.RabbitListenerEndpointContainer#0-19] o.s.a.r.c.CachingConnectionFactory       : Attempting to connect to: [localhost:5672]
2023-03-08 10:13:50.995  WARN 10072 --- [org.springframework.amqp.rabbit.RabbitListenerEndpointContainer#0-19] o.s.a.r.l.SimpleMessageListenerContainer : Consumer raised exception, processing can restart if the connection factory supports it. Exception summary: org.springframework.amqp.AmqpConnectException: java.net.ConnectException: Connection refused: no further information
2023-03-08 10:13:50.996  INFO 10072 --- [org.springframework.amqp.rabbit.RabbitListenerEndpointContainer#0-19] o.s.a.r.l.SimpleMessageListenerContainer : Restarting Consumer@5d0d76b1: tags=[[]], channel=null, acknowledgeMode=AUTO local queue size=0
2023-03-08 10:13:50.998  INFO 10072 --- [org.springframework.amqp.rabbit.RabbitListenerEndpointContainer#0-20] o.s.a.r.c.CachingConnectionFactory       : Attempting to connect to: [localhost:5672]
2023-03-08 10:13:51.221  INFO 10072 --- [http-nio-auto-1-exec-1] o.a.c.c.C.[Tomcat].[localhost].[/]       : Initializing Spring DispatcherServlet 'dispatcherServlet'
2023-03-08 10:13:51.221  INFO 10072 --- [http-nio-auto-1-exec-1] o.s.web.servlet.DispatcherServlet        : Initializing Servlet 'dispatcherServlet'
2023-03-08 10:13:51.225  INFO 10072 --- [http-nio-auto-1-exec-1] o.s.web.servlet.DispatcherServlet        : Completed initialization in 2 ms
2023-03-08 10:13:56.104  WARN 10072 --- [org.springframework.amqp.rabbit.RabbitListenerEndpointContainer#0-20] o.s.a.r.l.SimpleMessageListenerContainer : Consumer raised exception, processing can restart if the connection factory supports it. Exception summary: org.springframework.amqp.AmqpConnectException: java.net.ConnectException: Connection refused: no further information
2023-03-08 10:13:56.105  INFO 10072 --- [org.springframework.amqp.rabbit.RabbitListenerEndpointContainer#0-20] o.s.a.r.l.SimpleMessageListenerContainer : Restarting Consumer@379cedbd: tags=[[]], channel=null, acknowledgeMode=AUTO local queue size=0
2023-03-08 10:13:56.106  INFO 10072 --- [org.springframework.amqp.rabbit.RabbitListenerEndpointContainer#0-21] o.s.a.r.c.CachingConnectionFactory       : Attempting to connect to: [localhost:5672]
2023-03-08 10:14:01.209  WARN 10072 --- [org.springframework.amqp.rabbit.RabbitListenerEndpointContainer#0-21] o.s.a.r.l.SimpleMessageListenerContainer : Consumer raised exception, processing can restart if the connection factory supports it. Exception summary: org.springframework.amqp.AmqpConnectException: java.net.ConnectException: Connection refused: no further information
2023-03-08 10:14:01.210  INFO 10072 --- [org.springframework.amqp.rabbit.RabbitListenerEndpointContainer#0-21] o.s.a.r.l.SimpleMessageListenerContainer : Restarting Consumer@699e3ce: tags=[[]], channel=null, acknowledgeMode=AUTO local queue size=0
2023-03-08 10:14:01.212  INFO 10072 --- [org.springframework.amqp.rabbit.RabbitListenerEndpointContainer#0-22] o.s.a.r.c.CachingConnectionFactory       : Attempting to connect to: [localhost:5672]
2023-03-08 10:14:06.308  WARN 10072 --- [org.springframework.amqp.rabbit.RabbitListenerEndpointContainer#0-22] o.s.a.r.l.SimpleMessageListenerContainer : Consumer raised exception, processing can restart if the connection factory supports it. Exception summary: org.springframework.amqp.AmqpConnectException: java.net.ConnectException: Connection refused: no further information
2023-03-08 10:14:06.310  INFO 10072 --- [org.springframework.amqp.rabbit.RabbitListenerEndpointContainer#0-22] o.s.a.r.l.SimpleMessageListenerContainer : Restarting Consumer@1b2716c9: tags=[[]], channel=null, acknowledgeMode=AUTO local queue size=0
2023-03-08 10:14:06.310  INFO 10072 --- [org.springframework.amqp.rabbit.RabbitListenerEndpointContainer#0-23] o.s.a.r.c.CachingConnectionFactory       : Attempting to connect to: [localhost:5672]
2023-03-08 10:14:11.409  WARN 10072 --- [org.springframework.amqp.rabbit.RabbitListenerEndpointContainer#0-23] o.s.a.r.l.SimpleMessageListenerContainer : Consumer raised exception, processing can restart if the connection factory supports it. Exception summary: org.springframework.amqp.AmqpConnectException: java.net.ConnectException: Connection refused: no further information
2023-03-08 10:14:11.410  INFO 10072 --- [org.springframework.amqp.rabbit.RabbitListenerEndpointContainer#0-23] o.s.a.r.l.SimpleMessageListenerContainer : Restarting Consumer@2a05f67f: tags=[[]], channel=null, acknowledgeMode=AUTO local queue size=0
2023-03-08 10:14:11.411  INFO 10072 --- [org.springframework.amqp.rabbit.RabbitListenerEndpointContainer#0-24] o.s.a.r.c.CachingConnectionFactory       : Attempting to connect to: [localhost:5672]
2023-03-08 10:14:16.522  WARN 10072 --- [org.springframework.amqp.rabbit.RabbitListenerEndpointContainer#0-24] o.s.a.r.l.SimpleMessageListenerContainer : Consumer raised exception, processing can restart if the connection factory supports it. Exception summary: org.springframework.amqp.AmqpConnectException: java.net.ConnectException: Connection refused: no further information
2023-03-08 10:14:16.523  INFO 10072 --- [org.springframework.amqp.rabbit.RabbitListenerEndpointContainer#0-24] o.s.a.r.l.SimpleMessageListenerContainer : Restarting Consumer@39436435: tags=[[]], channel=null, acknowledgeMode=AUTO local queue size=0
2023-03-08 10:14:16.525  INFO 10072 --- [org.springframework.amqp.rabbit.RabbitListenerEndpointContainer#0-25] o.s.a.r.c.CachingConnectionFactory       : Attempting to connect to: [localhost:5672]
2023-03-08 10:14:21.641  WARN 10072 --- [org.springframework.amqp.rabbit.RabbitListenerEndpointContainer#0-25] o.s.a.r.l.SimpleMessageListenerContainer : Consumer raised exception, processing can restart if the connection factory supports it. Exception summary: org.springframework.amqp.AmqpConnectException: java.net.ConnectException: Connection refused: no further information
2023-03-08 10:14:21.642  INFO 10072 --- [org.springframework.amqp.rabbit.RabbitListenerEndpointContainer#0-25] o.s.a.r.l.SimpleMessageListenerContainer : Restarting Consumer@2747d541: tags=[[]], channel=null, acknowledgeMode=AUTO local queue size=0
2023-03-08 10:14:21.644  INFO 10072 --- [org.springframework.amqp.rabbit.RabbitListenerEndpointContainer#0-26] o.s.a.r.c.CachingConnectionFactory       : Attempting to connect to: [localhost:5672]
2023-03-08 10:14:26.744  WARN 10072 --- [org.springframework.amqp.rabbit.RabbitListenerEndpointContainer#0-26] o.s.a.r.l.SimpleMessageListenerContainer : Consumer raised exception, processing can restart if the connection factory supports it. Exception summary: org.springframework.amqp.AmqpConnectException: java.net.ConnectException: Connection refused: no further information
2023-03-08 10:14:26.746  INFO 10072 --- [org.springframework.amqp.rabbit.RabbitListenerEndpointContainer#0-26] o.s.a.r.l.SimpleMessageListenerContainer : Restarting Consumer@31dd4302: tags=[[]], channel=null, acknowledgeMode=AUTO local queue size=0
2023-03-08 10:14:26.747  INFO 10072 --- [org.springframework.amqp.rabbit.RabbitListenerEndpointContainer#0-27] o.s.a.r.c.CachingConnectionFactory       : Attempting to connect to: [localhost:5672]
2023-03-08 10:14:28.887  INFO 10072 --- [http-nio-auto-1-exec-1] o.springdoc.api.AbstractOpenApiResource  : Init duration for springdoc-openapi is: 355 ms
2023-03-08 10:14:31.857  WARN 10072 --- [org.springframework.amqp.rabbit.RabbitListenerEndpointContainer#0-27] o.s.a.r.l.SimpleMessageListenerContainer : Consumer raised exception, processing can restart if the connection factory supports it. Exception summary: org.springframework.amqp.AmqpConnectException: java.net.ConnectException: Connection refused: no further information
2023-03-08 10:14:31.857  INFO 10072 --- [org.springframework.amqp.rabbit.RabbitListenerEndpointContainer#0-27] o.s.a.r.l.SimpleMessageListenerContainer : Restarting Consumer@69ce56: tags=[[]], channel=null, acknowledgeMode=AUTO local queue size=0
2023-03-08 10:14:31.859  INFO 10072 --- [org.springframework.amqp.rabbit.RabbitListenerEndpointContainer#0-28] o.s.a.r.c.CachingConnectionFactory       : Attempting to connect to: [localhost:5672]
2023-03-08 10:14:36.964  WARN 10072 --- [org.springframework.amqp.rabbit.RabbitListenerEndpointContainer#0-28] o.s.a.r.l.SimpleMessageListenerContainer : Consumer raised exception, processing can restart if the connection factory supports it. Exception summary: org.springframework.amqp.AmqpConnectException: java.net.ConnectException: Connection refused: no further information
2023-03-08 10:14:36.968  INFO 10072 --- [org.springframework.amqp.rabbit.RabbitListenerEndpointContainer#0-28] o.s.a.r.l.SimpleMessageListenerContainer : Restarting Consumer@2a30cc8d: tags=[[]], channel=null, acknowledgeMode=AUTO local queue size=0
2023-03-08 10:14:36.971  INFO 10072 --- [org.springframework.amqp.rabbit.RabbitListenerEndpointContainer#0-29] o.s.a.r.c.CachingConnectionFactory       : Attempting to connect to: [localhost:5672]
