2023-03-08 10:11:05.789  INFO 13096 --- [restartedMain] c.m.a.MsAvaliadorCreditoApplication      : Starting MsAvaliadorCreditoApplication using Java 17.0.3.1 on GFT-xGrZtFTcmd5 with PID 13096 (C:\Users\OODA\workspace\microservices\microservices-course\ms-avaliador-credito\target\classes started by ooda in C:\Users\OODA\workspace\microservices\microservices-course\ms-avaliador-credito)
2023-03-08 10:11:05.807  INFO 13096 --- [restartedMain] c.m.a.MsAvaliadorCreditoApplication      : No active profile set, falling back to 1 default profile: "default"
2023-03-08 10:11:06.084  INFO 13096 --- [restartedMain] .e.DevToolsPropertyDefaultsPostProcessor : Devtools property defaults active! Set 'spring.devtools.add-properties' to 'false' to disable
2023-03-08 10:11:06.102  INFO 13096 --- [restartedMain] .e.DevToolsPropertyDefaultsPostProcessor : For additional web related logging consider setting the 'logging.level.web' property to 'DEBUG'
2023-03-08 10:11:12.580  INFO 13096 --- [restartedMain] o.s.cloud.context.scope.GenericScope     : BeanFactory id=1b189406-0120-342e-b681-d57c21e0add8
2023-03-08 10:11:14.901  INFO 13096 --- [restartedMain] o.s.b.w.embedded.tomcat.TomcatWebServer  : Tomcat initialized with port(s): 0 (http)
2023-03-08 10:11:14.949  INFO 13096 --- [restartedMain] o.apache.catalina.core.StandardService   : Starting service [Tomcat]
2023-03-08 10:11:14.951  INFO 13096 --- [restartedMain] org.apache.catalina.core.StandardEngine  : Starting Servlet engine: [Apache Tomcat/9.0.65]
2023-03-08 10:11:15.451  INFO 13096 --- [restartedMain] o.a.c.c.C.[Tomcat].[localhost].[/]       : Initializing Spring embedded WebApplicationContext
2023-03-08 10:11:15.454  INFO 13096 --- [restartedMain] w.s.c.ServletWebServerApplicationContext : Root WebApplicationContext: initialization completed in 9342 ms
2023-03-08 10:11:20.064  INFO 13096 --- [restartedMain] o.s.b.d.a.OptionalLiveReloadServer       : LiveReload server is running on port 35729
2023-03-08 10:11:20.606  INFO 13096 --- [restartedMain] o.s.c.openfeign.FeignClientFactoryBean   : For 'msclientes' URL not provided. Will try picking an instance via load-balancing.
2023-03-08 10:11:21.507  INFO 13096 --- [restartedMain] o.s.c.openfeign.FeignClientFactoryBean   : For 'mscartoes' URL not provided. Will try picking an instance via load-balancing.
2023-03-08 10:11:39.118  INFO 13096 --- [restartedMain] o.s.cloud.commons.util.InetUtils         : Cannot determine local hostname
2023-03-08 10:11:43.216  INFO 13096 --- [restartedMain] o.s.cloud.commons.util.InetUtils         : Cannot determine local hostname
2023-03-08 10:11:43.353  INFO 13096 --- [restartedMain] DiscoveryClientOptionalArgsConfiguration : Eureka HTTP Client uses RestTemplate.
2023-03-08 10:11:43.663  WARN 13096 --- [restartedMain] iguration$LoadBalancerCaffeineWarnLogger : Spring Cloud LoadBalancer is currently working with the default cache. While this cache implementation is useful for development and tests, it's recommended to use Caffeine cache in production.You can switch to using Caffeine cache, by adding it and org.springframework.cache.caffeine.CaffeineCacheManager to the classpath.
2023-03-08 10:11:43.803  INFO 13096 --- [restartedMain] o.s.b.a.e.web.EndpointLinksResolver      : Exposing 17 endpoint(s) beneath base path '/actuator'
2023-03-08 10:11:44.330  INFO 13096 --- [restartedMain] o.s.b.w.embedded.tomcat.TomcatWebServer  : Tomcat started on port(s): 53753 (http) with context path ''
2023-03-08 10:11:44.358  INFO 13096 --- [restartedMain] .s.c.n.e.s.EurekaAutoServiceRegistration : Updating port to 53753
2023-03-08 10:11:44.451  INFO 13096 --- [restartedMain] o.s.c.n.eureka.InstanceInfoFactory       : Setting initial instance status as: STARTING
2023-03-08 10:11:44.622  INFO 13096 --- [restartedMain] com.netflix.discovery.DiscoveryClient    : Initializing Eureka in region us-east-1
2023-03-08 10:11:44.701  INFO 13096 --- [restartedMain] c.n.d.s.r.aws.ConfigClusterResolver      : Resolving eureka endpoints via configuration
2023-03-08 10:11:44.793  INFO 13096 --- [restartedMain] com.netflix.discovery.DiscoveryClient    : Disable delta property : false
2023-03-08 10:11:44.795  INFO 13096 --- [restartedMain] com.netflix.discovery.DiscoveryClient    : Single vip registry refresh property : null
2023-03-08 10:11:44.796  INFO 13096 --- [restartedMain] com.netflix.discovery.DiscoveryClient    : Force full registry fetch : false
2023-03-08 10:11:44.797  INFO 13096 --- [restartedMain] com.netflix.discovery.DiscoveryClient    : Application is null : false
2023-03-08 10:11:44.799  INFO 13096 --- [restartedMain] com.netflix.discovery.DiscoveryClient    : Registered Applications size is zero : true
2023-03-08 10:11:44.800  INFO 13096 --- [restartedMain] com.netflix.discovery.DiscoveryClient    : Application version is -1: true
2023-03-08 10:11:44.801  INFO 13096 --- [restartedMain] com.netflix.discovery.DiscoveryClient    : Getting all instance registry info from the eureka server
2023-03-08 10:11:48.680  INFO 13096 --- [restartedMain] com.netflix.discovery.DiscoveryClient    : The response status is 200
2023-03-08 10:11:48.906  INFO 13096 --- [restartedMain] com.netflix.discovery.DiscoveryClient    : Starting heartbeat executor: renew interval is: 30
2023-03-08 10:11:49.054  INFO 13096 --- [restartedMain] c.n.discovery.InstanceInfoReplicator     : InstanceInfoReplicator onDemand update allowed rate per min is 4
2023-03-08 10:11:49.070  INFO 13096 --- [restartedMain] com.netflix.discovery.DiscoveryClient    : Discovery Client initialized at timestamp 1678281109068 with initial instances count: 0
2023-03-08 10:11:49.318  INFO 13096 --- [restartedMain] o.s.c.n.e.s.EurekaServiceRegistry        : Registering application MSAVALIADOR with eureka with status UP
2023-03-08 10:11:49.524  INFO 13096 --- [restartedMain] com.netflix.discovery.DiscoveryClient    : Saw local status change event StatusChangeEvent [timestamp=1678281109523, current=UP, previous=STARTING]
2023-03-08 10:11:49.632  INFO 13096 --- [DiscoveryClient-InstanceInfoReplicator-0] com.netflix.discovery.DiscoveryClient    : DiscoveryClient_MSAVALIADOR/msavaliador:277adb39685c83481a2a4d4b660d3550: registering service...
2023-03-08 10:11:50.934  INFO 13096 --- [DiscoveryClient-InstanceInfoReplicator-0] com.netflix.discovery.DiscoveryClient    : DiscoveryClient_MSAVALIADOR/msavaliador:277adb39685c83481a2a4d4b660d3550 - registration status: 204
2023-03-08 10:11:53.313  INFO 13096 --- [restartedMain] o.s.cloud.commons.util.InetUtils         : Cannot determine local hostname
2023-03-08 10:11:53.382  INFO 13096 --- [restartedMain] c.m.a.MsAvaliadorCreditoApplication      : Started MsAvaliadorCreditoApplication in 51.551 seconds (JVM running for 53.677)
2023-03-08 10:12:18.919  INFO 13096 --- [DiscoveryClient-CacheRefreshExecutor-0] com.netflix.discovery.DiscoveryClient    : Disable delta property : false
2023-03-08 10:12:18.920  INFO 13096 --- [DiscoveryClient-CacheRefreshExecutor-0] com.netflix.discovery.DiscoveryClient    : Single vip registry refresh property : null
2023-03-08 10:12:18.920  INFO 13096 --- [DiscoveryClient-CacheRefreshExecutor-0] com.netflix.discovery.DiscoveryClient    : Force full registry fetch : false
2023-03-08 10:12:18.921  INFO 13096 --- [DiscoveryClient-CacheRefreshExecutor-0] com.netflix.discovery.DiscoveryClient    : Application is null : false
2023-03-08 10:12:18.922  INFO 13096 --- [DiscoveryClient-CacheRefreshExecutor-0] com.netflix.discovery.DiscoveryClient    : Registered Applications size is zero : true
2023-03-08 10:12:18.923  INFO 13096 --- [DiscoveryClient-CacheRefreshExecutor-0] com.netflix.discovery.DiscoveryClient    : Application version is -1: false
2023-03-08 10:12:18.925  INFO 13096 --- [DiscoveryClient-CacheRefreshExecutor-0] com.netflix.discovery.DiscoveryClient    : Getting all instance registry info from the eureka server
2023-03-08 10:12:18.940  INFO 13096 --- [DiscoveryClient-CacheRefreshExecutor-0] com.netflix.discovery.DiscoveryClient    : The response status is 200
2023-03-08 10:12:53.519  INFO 13096 --- [http-nio-auto-1-exec-3] o.a.c.c.C.[Tomcat].[localhost].[/]       : Initializing Spring DispatcherServlet 'dispatcherServlet'
2023-03-08 10:12:53.528  INFO 13096 --- [http-nio-auto-1-exec-3] o.s.web.servlet.DispatcherServlet        : Initializing Servlet 'dispatcherServlet'
2023-03-08 10:12:53.544  INFO 13096 --- [http-nio-auto-1-exec-3] o.s.web.servlet.DispatcherServlet        : Completed initialization in 15 ms
